#
# There is insufficient memory for the Java Runtime Environment to continue.
# Native memory allocation (malloc) failed to allocate 950896 bytes for Chunk::new
# Possible reasons:
#   The system is out of physical RAM or swap space
#   The process is running with CompressedOops enabled, and the Java Heap may be blocking the growth of the native heap
# Possible solutions:
#   Reduce memory load on the system
#   Increase physical memory or swap space
#   Check if swap backing store is full
#   Decrease Java heap size (-Xmx/-Xms)
#   Decrease number of Java threads
#   Decrease Java thread stack sizes (-Xss)
#   Set larger code cache with -XX:ReservedCodeCacheSize=
#   JVM is running with Unscaled Compressed Oops mode in which the Java heap is
#     placed in the first 4GB address space. The Java Heap base address is the
#     maximum limit for the native heap growth. Please use -XX:HeapBaseMinAddress
#     to set the Java Heap base and to place the Java Heap above 4GB virtual address.
# This output file may be truncated or incomplete.
#
#  Out of Memory Error (arena.cpp:195), pid=13256, tid=15444
#
# JRE version: OpenJDK Runtime Environment (16.0.2+7) (build 16.0.2+7-67)
# Java VM: OpenJDK 64-Bit Server VM (16.0.2+7-67, mixed mode, sharing, tiered, compressed oops, compressed class ptrs, g1 gc, windows-amd64)
# No core dump will be written. Minidumps are not enabled by default on client versions of Windows
#

---------------  S U M M A R Y ------------

Command Line: -javaagent:C:\Program Files\JetBrains\IntelliJ IDEA Community Edition 2021.1.2\lib\idea_rt.jar=51323:C:\Program Files\JetBrains\IntelliJ IDEA Community Edition 2021.1.2\bin -Dfile.encoding=UTF-8 Main

Host: Intel(R) Core(TM) i5-10300H CPU @ 2.50GHz, 8 cores, 7G,  Windows 10 , 64 bit Build 22621 (10.0.22621.2048)
Time: Tue Jul 25 17:06:02 2023 India Standard Time elapsed time: 2.757955 seconds (0d 0h 0m 2s)

---------------  T H R E A D  ---------------

Current thread (0x0000011e154049b0):  JavaThread "C2 CompilerThread0" daemon [_thread_in_native, id=15444, stack(0x000000051cb00000,0x000000051cc00000)]


Current CompileTask:
C2:   2757 1123       4       sun.font.TrueTypeFont::initAllNames (182 bytes)

Stack: [0x000000051cb00000,0x000000051cc00000]
Native frames: (J=compiled Java code, j=interpreted, Vv=VM code, C=native code)
V  [jvm.dll+0x6681ca]
V  [jvm.dll+0x7c9e69]
V  [jvm.dll+0x7cb61e]
V  [jvm.dll+0x7cbc73]
V  [jvm.dll+0x242c55]
V  [jvm.dll+0xadeba]
V  [jvm.dll+0xae45c]
V  [jvm.dll+0x2a4cdf]
V  [jvm.dll+0x573c29]
V  [jvm.dll+0x21e905]
V  [jvm.dll+0x217c01]
V  [jvm.dll+0x214ffc]
V  [jvm.dll+0x1a1beb]
V  [jvm.dll+0x225158]
V  [jvm.dll+0x22319c]
V  [jvm.dll+0x77fa62]
V  [jvm.dll+0x7795aa]
V  [jvm.dll+0x667066]
C  [ucrtbase.dll+0x29363]
C  [KERNEL32.DLL+0x126ad]
C  [ntdll.dll+0x5aa68]


---------------  P R O C E S S  ---------------

Threads class SMR info:
_java_thread_list=0x0000011e57a7db40, length=20, elements={
0x0000011e153f02a0, 0x0000011e153f1dc0, 0x0000011e153fcf60, 0x0000011e153ffa80,
0x0000011e154023a0, 0x0000011e15403cc0, 0x0000011e154049b0, 0x0000011e154088b0,
0x0000011e1540b210, 0x0000011e56c86390, 0x0000011e56c858f0, 0x0000011e56c868e0,
0x0000011e56c86e30, 0x0000011e56c88370, 0x0000011e56c87e20, 0x0000011e56c87380,
0x0000011e56c878d0, 0x0000011e56c888c0, 0x0000011e56c88e10, 0x0000011e5ec3c7c0
}

Java Threads: ( => current thread )
  0x0000011e153f02a0 JavaThread "Reference Handler" daemon [_thread_blocked, id=6564, stack(0x000000051c500000,0x000000051c600000)]
  0x0000011e153f1dc0 JavaThread "Finalizer" daemon [_thread_blocked, id=6152, stack(0x000000051c600000,0x000000051c700000)]
  0x0000011e153fcf60 JavaThread "Signal Dispatcher" daemon [_thread_blocked, id=15304, stack(0x000000051c700000,0x000000051c800000)]
  0x0000011e153ffa80 JavaThread "Attach Listener" daemon [_thread_blocked, id=15572, stack(0x000000051c800000,0x000000051c900000)]
  0x0000011e154023a0 JavaThread "Service Thread" daemon [_thread_blocked, id=16156, stack(0x000000051c900000,0x000000051ca00000)]
  0x0000011e15403cc0 JavaThread "Monitor Deflation Thread" daemon [_thread_blocked, id=16668, stack(0x000000051ca00000,0x000000051cb00000)]
=>0x0000011e154049b0 JavaThread "C2 CompilerThread0" daemon [_thread_in_native, id=15444, stack(0x000000051cb00000,0x000000051cc00000)]
  0x0000011e154088b0 JavaThread "C1 CompilerThread0" daemon [_thread_blocked, id=3600, stack(0x000000051cc00000,0x000000051cd00000)]
  0x0000011e1540b210 JavaThread "Sweeper thread" daemon [_thread_blocked, id=8780, stack(0x000000051cd00000,0x000000051ce00000)]
  0x0000011e56c86390 JavaThread "Common-Cleaner" daemon [_thread_blocked, id=10940, stack(0x000000051ce00000,0x000000051cf00000)]
  0x0000011e56c858f0 JavaThread "Monitor Ctrl-Break" daemon [_thread_in_native, id=13264, stack(0x000000051cf00000,0x000000051d000000)]
  0x0000011e56c868e0 JavaThread "Notification Thread" daemon [_thread_blocked, id=15120, stack(0x000000051d000000,0x000000051d100000)]
  0x0000011e56c86e30 JavaThread "Java2D Disposer" daemon [_thread_blocked, id=16412, stack(0x000000051d200000,0x000000051d300000)]
  0x0000011e56c88370 JavaThread "AWT-Shutdown" [_thread_blocked, id=14732, stack(0x000000051d300000,0x000000051d400000)]
  0x0000011e56c87e20 JavaThread "AWT-Windows" daemon [_thread_in_native, id=15428, stack(0x000000051d400000,0x000000051d500000)]
  0x0000011e56c87380 JavaThread "Image Fetcher 0" daemon [_thread_blocked, id=11912, stack(0x000000051d700000,0x000000051d800000)]
  0x0000011e56c878d0 JavaThread "AWT-EventQueue-0" [_thread_blocked, id=2080, stack(0x000000051d800000,0x000000051d900000)]
  0x0000011e56c888c0 JavaThread "DestroyJavaVM" [_thread_blocked, id=10484, stack(0x000000051be00000,0x000000051bf00000)]
  0x0000011e56c88e10 JavaThread "D3D Screen Updater" daemon [_thread_blocked, id=7820, stack(0x000000051dc00000,0x000000051dd00000)]
  0x0000011e5ec3c7c0 JavaThread "C2 CompilerThread1" daemon [_thread_blocked, id=8496, stack(0x000000051dd00000,0x000000051de00000)]

Other Threads:
  0x0000011e153ea890 VMThread "VM Thread" [stack: 0x000000051c400000,0x000000051c500000] [id=7504]
  0x0000011e56d5c420 WatcherThread [stack: 0x000000051d100000,0x000000051d200000] [id=15604]
  0x0000011e77367ad0 GCTaskThread "GC Thread#0" [stack: 0x000000051bf00000,0x000000051c000000] [id=936]
  0x0000011e7737ace0 ConcurrentGCThread "G1 Main Marker" [stack: 0x000000051c000000,0x000000051c100000] [id=15960]
  0x0000011e7737ce10 ConcurrentGCThread "G1 Conc#0" [stack: 0x000000051c100000,0x000000051c200000] [id=15452]
  0x0000011e773f6f00 ConcurrentGCThread "G1 Refine#0" [stack: 0x000000051c200000,0x000000051c300000] [id=15792]
  0x0000011e773f7890 ConcurrentGCThread "G1 Service" [stack: 0x000000051c300000,0x000000051c400000] [id=8396]

Threads with active compile tasks:
C2 CompilerThread0     2806 1123       4       sun.font.TrueTypeFont::initAllNames (182 bytes)

VM state: not at safepoint (normal execution)

VM Mutex/Monitor currently owned by a thread: None

Heap address: 0x0000000081600000, size: 2026 MB, Compressed Oops mode: 32-bit

CDS archive(s) mapped at: [0x0000011e15800000-0x0000011e163b0000-0x0000011e163b0000), size 12255232, SharedBaseAddress: 0x0000011e15800000, ArchiveRelocationMode: 0.
Compressed class space mapped at: 0x0000011e16400000-0x0000011e56400000, reserved size: 1073741824
Narrow klass base: 0x0000011e15800000, Narrow klass shift: 3, Narrow klass range: 0x100000000

GC Precious Log:
 CPUs: 8 total, 8 available
 Memory: 8099M
 Large Page Support: Disabled
 NUMA Support: Disabled
 Compressed Oops: Enabled (32-bit)
 Heap Region Size: 1M
 Heap Min Capacity: 8M
 Heap Initial Capacity: 128M
 Heap Max Capacity: 2026M
 Pre-touch: Disabled
 Parallel Workers: 8
 Concurrent Workers: 2
 Concurrent Refinement Workers: 8
 Periodic GC: Disabled

Heap:
 garbage-first heap   total 131072K, used 23552K [0x0000000081600000, 0x0000000100000000)
  region size 1024K, 22 young (22528K), 0 survivors (0K)
 Metaspace       used 8693K, committed 8896K, reserved 1056768K
  class space    used 955K, committed 1024K, reserved 1048576K

Heap Regions: E=young(eden), S=young(survivor), O=old, HS=humongous(starts), HC=humongous(continues), CS=collection set, F=free, OA=open archive, CA=closed archive, TAMS=top-at-mark-start (previous, next)
|   0|0x0000000081600000, 0x0000000081700000, 0x0000000081700000|100%|HS|  |TAMS 0x0000000081600000, 0x0000000081600000| Complete 
|   1|0x0000000081700000, 0x0000000081800000, 0x0000000081800000|100%|HC|  |TAMS 0x0000000081700000, 0x0000000081700000| Complete 
|   2|0x0000000081800000, 0x0000000081800000, 0x0000000081900000|  0%| F|  |TAMS 0x0000000081800000, 0x0000000081800000| Untracked 
|   3|0x0000000081900000, 0x0000000081900000, 0x0000000081a00000|  0%| F|  |TAMS 0x0000000081900000, 0x0000000081900000| Untracked 
|   4|0x0000000081a00000, 0x0000000081a00000, 0x0000000081b00000|  0%| F|  |TAMS 0x0000000081a00000, 0x0000000081a00000| Untracked 
|   5|0x0000000081b00000, 0x0000000081b00000, 0x0000000081c00000|  0%| F|  |TAMS 0x0000000081b00000, 0x0000000081b00000| Untracked 
|   6|0x0000000081c00000, 0x0000000081c00000, 0x0000000081d00000|  0%| F|  |TAMS 0x0000000081c00000, 0x0000000081c00000| Untracked 
|   7|0x0000000081d00000, 0x0000000081d00000, 0x0000000081e00000|  0%| F|  |TAMS 0x0000000081d00000, 0x0000000081d00000| Untracked 
|   8|0x0000000081e00000, 0x0000000081e00000, 0x0000000081f00000|  0%| F|  |TAMS 0x0000000081e00000, 0x0000000081e00000| Untracked 
|   9|0x0000000081f00000, 0x0000000081f00000, 0x0000000082000000|  0%| F|  |TAMS 0x0000000081f00000, 0x0000000081f00000| Untracked 
|  10|0x0000000082000000, 0x0000000082000000, 0x0000000082100000|  0%| F|  |TAMS 0x0000000082000000, 0x0000000082000000| Untracked 
|  11|0x0000000082100000, 0x0000000082100000, 0x0000000082200000|  0%| F|  |TAMS 0x0000000082100000, 0x0000000082100000| Untracked 
|  12|0x0000000082200000, 0x0000000082200000, 0x0000000082300000|  0%| F|  |TAMS 0x0000000082200000, 0x0000000082200000| Untracked 
|  13|0x0000000082300000, 0x0000000082300000, 0x0000000082400000|  0%| F|  |TAMS 0x0000000082300000, 0x0000000082300000| Untracked 
|  14|0x0000000082400000, 0x0000000082400000, 0x0000000082500000|  0%| F|  |TAMS 0x0000000082400000, 0x0000000082400000| Untracked 
|  15|0x0000000082500000, 0x0000000082500000, 0x0000000082600000|  0%| F|  |TAMS 0x0000000082500000, 0x0000000082500000| Untracked 
|  16|0x0000000082600000, 0x0000000082600000, 0x0000000082700000|  0%| F|  |TAMS 0x0000000082600000, 0x0000000082600000| Untracked 
|  17|0x0000000082700000, 0x0000000082700000, 0x0000000082800000|  0%| F|  |TAMS 0x0000000082700000, 0x0000000082700000| Untracked 
|  18|0x0000000082800000, 0x0000000082800000, 0x0000000082900000|  0%| F|  |TAMS 0x0000000082800000, 0x0000000082800000| Untracked 
|  19|0x0000000082900000, 0x0000000082900000, 0x0000000082a00000|  0%| F|  |TAMS 0x0000000082900000, 0x0000000082900000| Untracked 
|  20|0x0000000082a00000, 0x0000000082a00000, 0x0000000082b00000|  0%| F|  |TAMS 0x0000000082a00000, 0x0000000082a00000| Untracked 
|  21|0x0000000082b00000, 0x0000000082b00000, 0x0000000082c00000|  0%| F|  |TAMS 0x0000000082b00000, 0x0000000082b00000| Untracked 
|  22|0x0000000082c00000, 0x0000000082c00000, 0x0000000082d00000|  0%| F|  |TAMS 0x0000000082c00000, 0x0000000082c00000| Untracked 
|  23|0x0000000082d00000, 0x0000000082d00000, 0x0000000082e00000|  0%| F|  |TAMS 0x0000000082d00000, 0x0000000082d00000| Untracked 
|  24|0x0000000082e00000, 0x0000000082e00000, 0x0000000082f00000|  0%| F|  |TAMS 0x0000000082e00000, 0x0000000082e00000| Untracked 
|  25|0x0000000082f00000, 0x0000000082f00000, 0x0000000083000000|  0%| F|  |TAMS 0x0000000082f00000, 0x0000000082f00000| Untracked 
|  26|0x0000000083000000, 0x0000000083000000, 0x0000000083100000|  0%| F|  |TAMS 0x0000000083000000, 0x0000000083000000| Untracked 
|  27|0x0000000083100000, 0x0000000083100000, 0x0000000083200000|  0%| F|  |TAMS 0x0000000083100000, 0x0000000083100000| Untracked 
|  28|0x0000000083200000, 0x0000000083200000, 0x0000000083300000|  0%| F|  |TAMS 0x0000000083200000, 0x0000000083200000| Untracked 
|  29|0x0000000083300000, 0x0000000083300000, 0x0000000083400000|  0%| F|  |TAMS 0x0000000083300000, 0x0000000083300000| Untracked 
|  30|0x0000000083400000, 0x0000000083400000, 0x0000000083500000|  0%| F|  |TAMS 0x0000000083400000, 0x0000000083400000| Untracked 
|  31|0x0000000083500000, 0x0000000083500000, 0x0000000083600000|  0%| F|  |TAMS 0x0000000083500000, 0x0000000083500000| Untracked 
|  32|0x0000000083600000, 0x0000000083600000, 0x0000000083700000|  0%| F|  |TAMS 0x0000000083600000, 0x0000000083600000| Untracked 
|  33|0x0000000083700000, 0x0000000083700000, 0x0000000083800000|  0%| F|  |TAMS 0x0000000083700000, 0x0000000083700000| Untracked 
|  34|0x0000000083800000, 0x0000000083800000, 0x0000000083900000|  0%| F|  |TAMS 0x0000000083800000, 0x0000000083800000| Untracked 
|  35|0x0000000083900000, 0x0000000083900000, 0x0000000083a00000|  0%| F|  |TAMS 0x0000000083900000, 0x0000000083900000| Untracked 
|  36|0x0000000083a00000, 0x0000000083a00000, 0x0000000083b00000|  0%| F|  |TAMS 0x0000000083a00000, 0x0000000083a00000| Untracked 
|  37|0x0000000083b00000, 0x0000000083b00000, 0x0000000083c00000|  0%| F|  |TAMS 0x0000000083b00000, 0x0000000083b00000| Untracked 
|  38|0x0000000083c00000, 0x0000000083c00000, 0x0000000083d00000|  0%| F|  |TAMS 0x0000000083c00000, 0x0000000083c00000| Untracked 
|  39|0x0000000083d00000, 0x0000000083d00000, 0x0000000083e00000|  0%| F|  |TAMS 0x0000000083d00000, 0x0000000083d00000| Untracked 
|  40|0x0000000083e00000, 0x0000000083e00000, 0x0000000083f00000|  0%| F|  |TAMS 0x0000000083e00000, 0x0000000083e00000| Untracked 
|  41|0x0000000083f00000, 0x0000000083f00000, 0x0000000084000000|  0%| F|  |TAMS 0x0000000083f00000, 0x0000000083f00000| Untracked 
|  42|0x0000000084000000, 0x0000000084000000, 0x0000000084100000|  0%| F|  |TAMS 0x0000000084000000, 0x0000000084000000| Untracked 
|  43|0x0000000084100000, 0x0000000084100000, 0x0000000084200000|  0%| F|  |TAMS 0x0000000084100000, 0x0000000084100000| Untracked 
|  44|0x0000000084200000, 0x0000000084200000, 0x0000000084300000|  0%| F|  |TAMS 0x0000000084200000, 0x0000000084200000| Untracked 
|  45|0x0000000084300000, 0x0000000084300000, 0x0000000084400000|  0%| F|  |TAMS 0x0000000084300000, 0x0000000084300000| Untracked 
|  46|0x0000000084400000, 0x0000000084400000, 0x0000000084500000|  0%| F|  |TAMS 0x0000000084400000, 0x0000000084400000| Untracked 
|  47|0x0000000084500000, 0x0000000084500000, 0x0000000084600000|  0%| F|  |TAMS 0x0000000084500000, 0x0000000084500000| Untracked 
|  48|0x0000000084600000, 0x0000000084600000, 0x0000000084700000|  0%| F|  |TAMS 0x0000000084600000, 0x0000000084600000| Untracked 
|  49|0x0000000084700000, 0x0000000084700000, 0x0000000084800000|  0%| F|  |TAMS 0x0000000084700000, 0x0000000084700000| Untracked 
|  50|0x0000000084800000, 0x0000000084800000, 0x0000000084900000|  0%| F|  |TAMS 0x0000000084800000, 0x0000000084800000| Untracked 
|  51|0x0000000084900000, 0x0000000084900000, 0x0000000084a00000|  0%| F|  |TAMS 0x0000000084900000, 0x0000000084900000| Untracked 
|  52|0x0000000084a00000, 0x0000000084a00000, 0x0000000084b00000|  0%| F|  |TAMS 0x0000000084a00000, 0x0000000084a00000| Untracked 
|  53|0x0000000084b00000, 0x0000000084b00000, 0x0000000084c00000|  0%| F|  |TAMS 0x0000000084b00000, 0x0000000084b00000| Untracked 
|  54|0x0000000084c00000, 0x0000000084c00000, 0x0000000084d00000|  0%| F|  |TAMS 0x0000000084c00000, 0x0000000084c00000| Untracked 
|  55|0x0000000084d00000, 0x0000000084d00000, 0x0000000084e00000|  0%| F|  |TAMS 0x0000000084d00000, 0x0000000084d00000| Untracked 
|  56|0x0000000084e00000, 0x0000000084e00000, 0x0000000084f00000|  0%| F|  |TAMS 0x0000000084e00000, 0x0000000084e00000| Untracked 
|  57|0x0000000084f00000, 0x0000000084f00000, 0x0000000085000000|  0%| F|  |TAMS 0x0000000084f00000, 0x0000000084f00000| Untracked 
|  58|0x0000000085000000, 0x0000000085000000, 0x0000000085100000|  0%| F|  |TAMS 0x0000000085000000, 0x0000000085000000| Untracked 
|  59|0x0000000085100000, 0x0000000085100000, 0x0000000085200000|  0%| F|  |TAMS 0x0000000085100000, 0x0000000085100000| Untracked 
|  60|0x0000000085200000, 0x0000000085200000, 0x0000000085300000|  0%| F|  |TAMS 0x0000000085200000, 0x0000000085200000| Untracked 
|  61|0x0000000085300000, 0x0000000085300000, 0x0000000085400000|  0%| F|  |TAMS 0x0000000085300000, 0x0000000085300000| Untracked 
|  62|0x0000000085400000, 0x0000000085400000, 0x0000000085500000|  0%| F|  |TAMS 0x0000000085400000, 0x0000000085400000| Untracked 
|  63|0x0000000085500000, 0x0000000085500000, 0x0000000085600000|  0%| F|  |TAMS 0x0000000085500000, 0x0000000085500000| Untracked 
|  64|0x0000000085600000, 0x0000000085600000, 0x0000000085700000|  0%| F|  |TAMS 0x0000000085600000, 0x0000000085600000| Untracked 
|  65|0x0000000085700000, 0x0000000085700000, 0x0000000085800000|  0%| F|  |TAMS 0x0000000085700000, 0x0000000085700000| Untracked 
|  66|0x0000000085800000, 0x0000000085800000, 0x0000000085900000|  0%| F|  |TAMS 0x0000000085800000, 0x0000000085800000| Untracked 
|  67|0x0000000085900000, 0x0000000085900000, 0x0000000085a00000|  0%| F|  |TAMS 0x0000000085900000, 0x0000000085900000| Untracked 
|  68|0x0000000085a00000, 0x0000000085a00000, 0x0000000085b00000|  0%| F|  |TAMS 0x0000000085a00000, 0x0000000085a00000| Untracked 
|  69|0x0000000085b00000, 0x0000000085b00000, 0x0000000085c00000|  0%| F|  |TAMS 0x0000000085b00000, 0x0000000085b00000| Untracked 
|  70|0x0000000085c00000, 0x0000000085c00000, 0x0000000085d00000|  0%| F|  |TAMS 0x0000000085c00000, 0x0000000085c00000| Untracked 
|  71|0x0000000085d00000, 0x0000000085d00000, 0x0000000085e00000|  0%| F|  |TAMS 0x0000000085d00000, 0x0000000085d00000| Untracked 
|  72|0x0000000085e00000, 0x0000000085e00000, 0x0000000085f00000|  0%| F|  |TAMS 0x0000000085e00000, 0x0000000085e00000| Untracked 
|  73|0x0000000085f00000, 0x0000000085f00000, 0x0000000086000000|  0%| F|  |TAMS 0x0000000085f00000, 0x0000000085f00000| Untracked 
|  74|0x0000000086000000, 0x0000000086000000, 0x0000000086100000|  0%| F|  |TAMS 0x0000000086000000, 0x0000000086000000| Untracked 
|  75|0x0000000086100000, 0x0000000086100000, 0x0000000086200000|  0%| F|  |TAMS 0x0000000086100000, 0x0000000086100000| Untracked 
|  76|0x0000000086200000, 0x0000000086200000, 0x0000000086300000|  0%| F|  |TAMS 0x0000000086200000, 0x0000000086200000| Untracked 
|  77|0x0000000086300000, 0x0000000086300000, 0x0000000086400000|  0%| F|  |TAMS 0x0000000086300000, 0x0000000086300000| Untracked 
|  78|0x0000000086400000, 0x0000000086400000, 0x0000000086500000|  0%| F|  |TAMS 0x0000000086400000, 0x0000000086400000| Untracked 
|  79|0x0000000086500000, 0x0000000086500000, 0x0000000086600000|  0%| F|  |TAMS 0x0000000086500000, 0x0000000086500000| Untracked 
|  80|0x0000000086600000, 0x0000000086600000, 0x0000000086700000|  0%| F|  |TAMS 0x0000000086600000, 0x0000000086600000| Untracked 
|  81|0x0000000086700000, 0x0000000086700000, 0x0000000086800000|  0%| F|  |TAMS 0x0000000086700000, 0x0000000086700000| Untracked 
|  82|0x0000000086800000, 0x0000000086800000, 0x0000000086900000|  0%| F|  |TAMS 0x0000000086800000, 0x0000000086800000| Untracked 
|  83|0x0000000086900000, 0x0000000086900000, 0x0000000086a00000|  0%| F|  |TAMS 0x0000000086900000, 0x0000000086900000| Untracked 
|  84|0x0000000086a00000, 0x0000000086a00000, 0x0000000086b00000|  0%| F|  |TAMS 0x0000000086a00000, 0x0000000086a00000| Untracked 
|  85|0x0000000086b00000, 0x0000000086b00000, 0x0000000086c00000|  0%| F|  |TAMS 0x0000000086b00000, 0x0000000086b00000| Untracked 
|  86|0x0000000086c00000, 0x0000000086c00000, 0x0000000086d00000|  0%| F|  |TAMS 0x0000000086c00000, 0x0000000086c00000| Untracked 
|  87|0x0000000086d00000, 0x0000000086d00000, 0x0000000086e00000|  0%| F|  |TAMS 0x0000000086d00000, 0x0000000086d00000| Untracked 
|  88|0x0000000086e00000, 0x0000000086e00000, 0x0000000086f00000|  0%| F|  |TAMS 0x0000000086e00000, 0x0000000086e00000| Untracked 
|  89|0x0000000086f00000, 0x0000000086f00000, 0x0000000087000000|  0%| F|  |TAMS 0x0000000086f00000, 0x0000000086f00000| Untracked 
|  90|0x0000000087000000, 0x0000000087000000, 0x0000000087100000|  0%| F|  |TAMS 0x0000000087000000, 0x0000000087000000| Untracked 
|  91|0x0000000087100000, 0x0000000087100000, 0x0000000087200000|  0%| F|  |TAMS 0x0000000087100000, 0x0000000087100000| Untracked 
|  92|0x0000000087200000, 0x0000000087200000, 0x0000000087300000|  0%| F|  |TAMS 0x0000000087200000, 0x0000000087200000| Untracked 
|  93|0x0000000087300000, 0x0000000087300000, 0x0000000087400000|  0%| F|  |TAMS 0x0000000087300000, 0x0000000087300000| Untracked 
|  94|0x0000000087400000, 0x0000000087400000, 0x0000000087500000|  0%| F|  |TAMS 0x0000000087400000, 0x0000000087400000| Untracked 
|  95|0x0000000087500000, 0x0000000087500000, 0x0000000087600000|  0%| F|  |TAMS 0x0000000087500000, 0x0000000087500000| Untracked 
|  96|0x0000000087600000, 0x0000000087600000, 0x0000000087700000|  0%| F|  |TAMS 0x0000000087600000, 0x0000000087600000| Untracked 
|  97|0x0000000087700000, 0x0000000087700000, 0x0000000087800000|  0%| F|  |TAMS 0x0000000087700000, 0x0000000087700000| Untracked 
|  98|0x0000000087800000, 0x0000000087800000, 0x0000000087900000|  0%| F|  |TAMS 0x0000000087800000, 0x0000000087800000| Untracked 
|  99|0x0000000087900000, 0x0000000087900000, 0x0000000087a00000|  0%| F|  |TAMS 0x0000000087900000, 0x0000000087900000| Untracked 
| 100|0x0000000087a00000, 0x0000000087a00000, 0x0000000087b00000|  0%| F|  |TAMS 0x0000000087a00000, 0x0000000087a00000| Untracked 
| 101|0x0000000087b00000, 0x0000000087b00000, 0x0000000087c00000|  0%| F|  |TAMS 0x0000000087b00000, 0x0000000087b00000| Untracked 
| 102|0x0000000087c00000, 0x0000000087c00000, 0x0000000087d00000|  0%| F|  |TAMS 0x0000000087c00000, 0x0000000087c00000| Untracked 
| 103|0x0000000087d00000, 0x0000000087d00000, 0x0000000087e00000|  0%| F|  |TAMS 0x0000000087d00000, 0x0000000087d00000| Untracked 
| 104|0x0000000087e00000, 0x0000000087e00000, 0x0000000087f00000|  0%| F|  |TAMS 0x0000000087e00000, 0x0000000087e00000| Untracked 
| 105|0x0000000087f00000, 0x0000000087f00000, 0x0000000088000000|  0%| F|  |TAMS 0x0000000087f00000, 0x0000000087f00000| Untracked 
| 106|0x0000000088000000, 0x00000000880f5060, 0x0000000088100000| 95%| E|  |TAMS 0x0000000088000000, 0x0000000088000000| Complete 
| 107|0x0000000088100000, 0x0000000088200000, 0x0000000088200000|100%| E|CS|TAMS 0x0000000088100000, 0x0000000088100000| Complete 
| 108|0x0000000088200000, 0x0000000088300000, 0x0000000088300000|100%| E|CS|TAMS 0x0000000088200000, 0x0000000088200000| Complete 
| 109|0x0000000088300000, 0x0000000088400000, 0x0000000088400000|100%| E|CS|TAMS 0x0000000088300000, 0x0000000088300000| Complete 
| 110|0x0000000088400000, 0x0000000088500000, 0x0000000088500000|100%| E|CS|TAMS 0x0000000088400000, 0x0000000088400000| Complete 
| 111|0x0000000088500000, 0x0000000088600000, 0x0000000088600000|100%| E|CS|TAMS 0x0000000088500000, 0x0000000088500000| Complete 
| 112|0x0000000088600000, 0x0000000088700000, 0x0000000088700000|100%| E|CS|TAMS 0x0000000088600000, 0x0000000088600000| Complete 
| 113|0x0000000088700000, 0x0000000088800000, 0x0000000088800000|100%| E|CS|TAMS 0x0000000088700000, 0x0000000088700000| Complete 
| 114|0x0000000088800000, 0x0000000088900000, 0x0000000088900000|100%| E|CS|TAMS 0x0000000088800000, 0x0000000088800000| Complete 
| 115|0x0000000088900000, 0x0000000088a00000, 0x0000000088a00000|100%| E|CS|TAMS 0x0000000088900000, 0x0000000088900000| Complete 
| 116|0x0000000088a00000, 0x0000000088b00000, 0x0000000088b00000|100%| E|CS|TAMS 0x0000000088a00000, 0x0000000088a00000| Complete 
| 117|0x0000000088b00000, 0x0000000088c00000, 0x0000000088c00000|100%| E|CS|TAMS 0x0000000088b00000, 0x0000000088b00000| Complete 
| 118|0x0000000088c00000, 0x0000000088d00000, 0x0000000088d00000|100%| E|CS|TAMS 0x0000000088c00000, 0x0000000088c00000| Complete 
| 119|0x0000000088d00000, 0x0000000088e00000, 0x0000000088e00000|100%| E|CS|TAMS 0x0000000088d00000, 0x0000000088d00000| Complete 
| 120|0x0000000088e00000, 0x0000000088f00000, 0x0000000088f00000|100%| E|CS|TAMS 0x0000000088e00000, 0x0000000088e00000| Complete 
| 121|0x0000000088f00000, 0x0000000089000000, 0x0000000089000000|100%| E|CS|TAMS 0x0000000088f00000, 0x0000000088f00000| Complete 
| 122|0x0000000089000000, 0x0000000089100000, 0x0000000089100000|100%| E|CS|TAMS 0x0000000089000000, 0x0000000089000000| Complete 
| 123|0x0000000089100000, 0x0000000089200000, 0x0000000089200000|100%| E|CS|TAMS 0x0000000089100000, 0x0000000089100000| Complete 
| 124|0x0000000089200000, 0x0000000089300000, 0x0000000089300000|100%| E|CS|TAMS 0x0000000089200000, 0x0000000089200000| Complete 
| 125|0x0000000089300000, 0x0000000089400000, 0x0000000089400000|100%| E|CS|TAMS 0x0000000089300000, 0x0000000089300000| Complete 
| 126|0x0000000089400000, 0x0000000089500000, 0x0000000089500000|100%| E|CS|TAMS 0x0000000089400000, 0x0000000089400000| Complete 
| 127|0x0000000089500000, 0x0000000089600000, 0x0000000089600000|100%| E|CS|TAMS 0x0000000089500000, 0x0000000089500000| Complete 

Card table byte_map: [0x0000011e7f1c0000,0x0000011e7f5c0000] _byte_map_base: 0x0000011e7edb5000

Marking Bits (Prev, Next): (CMBitMap*) 0x0000011e77369460, (CMBitMap*) 0x0000011e773694a0
 Prev Bits: [0x0000011e0f000000, 0x0000011e10fa8000)
 Next Bits: [0x0000011e10fb0000, 0x0000011e12f58000)

Polling page: 0x0000011e75310000

Metaspace:

Usage:
  Non-class:      7.56 MB used.
      Class:    955.63 KB used.
       Both:      8.49 MB used.

Virtual space:
  Non-class space:        8.00 MB reserved,       7.69 MB ( 96%) committed,  1 nodes.
      Class space:        1.00 GB reserved,       1.00 MB ( <1%) committed,  1 nodes.
              Both:        1.01 GB reserved,       8.69 MB ( <1%) committed. 

Chunk freelists:
   Non-Class:  237.00 KB
       Class:  3.02 MB
        Both:  3.25 MB

MaxMetaspaceSize: 17179869184.00 GB
CompressedClassSpaceSize: 1.00 GB
 - commit_granule_bytes: 65536.
 - commit_granule_words: 8192.
 - virtual_space_node_default_size: 1048576.
 - enlarge_chunks_in_place: 1.
 - new_chunks_are_fully_committed: 0.
 - uncommit_free_chunks: 1.
 - use_allocation_guard: 0.
 - handle_deallocations: 1.


Internal statistics:

num_allocs_failed_limit: 0.
num_arena_births: 122.
num_arena_deaths: 0.
num_vsnodes_births: 2.
num_vsnodes_deaths: 0.
num_space_committed: 139.
num_space_uncommitted: 0.
num_chunks_returned_to_freelist: 0.
num_chunks_taken_from_freelist: 158.
num_chunk_merges: 0.
num_chunk_splits: 95.
num_chunks_enlarged: 49.
num_purges: 0.

CodeHeap 'non-profiled nmethods': size=120000Kb used=405Kb max_used=405Kb free=119594Kb
 bounds [0x0000011e07ad0000, 0x0000011e07d40000, 0x0000011e0f000000]
CodeHeap 'profiled nmethods': size=120000Kb used=1990Kb max_used=1990Kb free=118009Kb
 bounds [0x0000011e005a0000, 0x0000011e00810000, 0x0000011e07ad0000]
CodeHeap 'non-nmethods': size=5760Kb used=1295Kb max_used=1313Kb free=4465Kb
 bounds [0x0000011e00000000, 0x0000011e00270000, 0x0000011e005a0000]
 total_blobs=1812 nmethods=1192 adapters=533
 compilation: enabled
              stopped_count=0, restarted_count=0
 full_count=0

Compilation events (20 events):
Event: 2.750 Thread 0x0000011e154088b0 1160       1       sun.java2d.pipe.Region::getLoX (5 bytes)
Event: 2.750 Thread 0x0000011e154088b0 nmethod 1160 0x0000011e07b32710 code [0x0000011e07b328a0, 0x0000011e07b32978]
Event: 2.750 Thread 0x0000011e154088b0 1163       3       sun.awt.SunHints$Key::getIndex (5 bytes)
Event: 2.750 Thread 0x0000011e154088b0 nmethod 1163 0x0000011e0078a790 code [0x0000011e0078a920, 0x0000011e0078aa38]
Event: 2.750 Thread 0x0000011e154088b0 1162       1       sun.java2d.pipe.RenderQueue::getBuffer (5 bytes)
Event: 2.750 Thread 0x0000011e154088b0 nmethod 1162 0x0000011e07b32a10 code [0x0000011e07b32ba0, 0x0000011e07b32c78]
Event: 2.750 Thread 0x0000011e154088b0 1164       3       sun.awt.SunHints$Value::hashCode (5 bytes)
Event: 2.750 Thread 0x0000011e154088b0 nmethod 1164 0x0000011e0078ab10 code [0x0000011e0078acc0, 0x0000011e0078ade8]
Event: 2.752 Thread 0x0000011e154088b0 1165       3       java.util.concurrent.locks.AbstractQueuedSynchronizer::signalNext (34 bytes)
Event: 2.752 Thread 0x0000011e154088b0 nmethod 1165 0x0000011e0078ae90 code [0x0000011e0078b060, 0x0000011e0078b318]
Event: 2.752 Thread 0x0000011e154088b0 1166       3       java.util.concurrent.locks.ReentrantLock$NonfairSync::initialTryLock (58 bytes)
Event: 2.752 Thread 0x0000011e154088b0 nmethod 1166 0x0000011e0078b490 code [0x0000011e0078b680, 0x0000011e0078ba98]
Event: 2.753 Thread 0x0000011e154088b0 1167       3       java.security.AccessController::getContext (23 bytes)
Event: 2.753 Thread 0x0000011e154088b0 nmethod 1167 0x0000011e0078bb90 code [0x0000011e0078bd60, 0x0000011e0078c038]
Event: 2.754 Thread 0x0000011e154088b0 1169       3       java.awt.Component::isDisplayable (13 bytes)
Event: 2.754 Thread 0x0000011e154088b0 nmethod 1169 0x0000011e0078c190 code [0x0000011e0078c320, 0x0000011e0078c498]
Event: 2.754 Thread 0x0000011e154088b0 1170       1       java.awt.Component::getX (5 bytes)
Event: 2.754 Thread 0x0000011e154088b0 nmethod 1170 0x0000011e07b33210 code [0x0000011e07b333a0, 0x0000011e07b33478]
Event: 2.754 Thread 0x0000011e154088b0 1171       1       java.awt.Component::getY (5 bytes)
Event: 2.754 Thread 0x0000011e154088b0 nmethod 1171 0x0000011e07b33510 code [0x0000011e07b336a0, 0x0000011e07b33778]

GC Heap History (0 events):
No events

Deoptimization events (20 events):
Event: 1.294 Thread 0x0000011e56c878d0 Uncommon trap: trap_request=0xffffff45 fr.pc=0x0000011e07adc418 relative=0x0000000000000898
Event: 1.294 Thread 0x0000011e56c878d0 Uncommon trap: reason=unstable_if action=reinterpret pc=0x0000011e07adc418 method=java.util.HashMap.putVal(ILjava/lang/Object;Ljava/lang/Object;ZZ)Ljava/lang/Object; @ 181 c2
Event: 1.294 Thread 0x0000011e56c878d0 DEOPT PACKING pc=0x0000011e07adc418 sp=0x000000051d8fc6f0
Event: 1.294 Thread 0x0000011e56c878d0 DEOPT UNPACKING pc=0x0000011e0004d72e sp=0x000000051d8fc6d0 mode 2
Event: 1.331 Thread 0x0000011e56c878d0 Uncommon trap: trap_request=0xffffff45 fr.pc=0x0000011e07b0cc98 relative=0x0000000000000458
Event: 1.331 Thread 0x0000011e56c878d0 Uncommon trap: reason=unstable_if action=reinterpret pc=0x0000011e07b0cc98 method=java.lang.StringLatin1.toLowerCase(Ljava/lang/String;[BLjava/util/Locale;)Ljava/lang/String; @ 43 c2
Event: 1.331 Thread 0x0000011e56c878d0 DEOPT PACKING pc=0x0000011e07b0cc98 sp=0x000000051d8fd240
Event: 1.331 Thread 0x0000011e56c878d0 DEOPT UNPACKING pc=0x0000011e0004d72e sp=0x000000051d8fd1b0 mode 2
Event: 2.630 Thread 0x0000011e56c878d0 Uncommon trap: trap_request=0xffffff45 fr.pc=0x0000011e07b238e4 relative=0x00000000000045c4
Event: 2.630 Thread 0x0000011e56c878d0 Uncommon trap: reason=unstable_if action=reinterpret pc=0x0000011e07b238e4 method=sun.font.TrueTypeFont.getTableBuffer(I)Ljava/nio/ByteBuffer; @ 93 c2
Event: 2.630 Thread 0x0000011e56c878d0 DEOPT PACKING pc=0x0000011e07b238e4 sp=0x000000051d8fd050
Event: 2.630 Thread 0x0000011e56c878d0 DEOPT UNPACKING pc=0x0000011e0004d72e sp=0x000000051d8fd080 mode 2
Event: 2.630 Thread 0x0000011e56c878d0 Uncommon trap: trap_request=0xffffff45 fr.pc=0x0000011e07ad8e38 relative=0x0000000000000218
Event: 2.630 Thread 0x0000011e56c878d0 Uncommon trap: reason=unstable_if action=reinterpret pc=0x0000011e07ad8e38 method=java.lang.String.isLatin1()Z @ 10 c2
Event: 2.630 Thread 0x0000011e56c878d0 DEOPT PACKING pc=0x0000011e07ad8e38 sp=0x000000051d8fd050
Event: 2.630 Thread 0x0000011e56c878d0 DEOPT UNPACKING pc=0x0000011e0004d72e sp=0x000000051d8fcf80 mode 2
Event: 2.640 Thread 0x0000011e56c878d0 Uncommon trap: trap_request=0xffffff45 fr.pc=0x0000011e07b26fe8 relative=0x00000000000003a8
Event: 2.640 Thread 0x0000011e56c878d0 Uncommon trap: reason=unstable_if action=reinterpret pc=0x0000011e07b26fe8 method=java.lang.Character.isSurrogate(C)Z @ 3 c2
Event: 2.640 Thread 0x0000011e56c878d0 DEOPT PACKING pc=0x0000011e07b26fe8 sp=0x000000051d8fcd40
Event: 2.640 Thread 0x0000011e56c878d0 DEOPT UNPACKING pc=0x0000011e0004d72e sp=0x000000051d8fcc58 mode 2

Classes unloaded (0 events):
No events

Classes redefined (0 events):
No events

Internal exceptions (16 events):
Event: 0.174 Thread 0x0000011e56c858f0 Exception <a 'java/lang/NoSuchMethodError'{0x00000000894f5170}: 'java.lang.Object java.lang.invoke.DirectMethodHandle$Holder.invokeStatic(java.lang.Object)'> (0x00000000894f5170) 
thrown [t:\workspace\open\src\hotspot\share\interpreter\linkResolver.cpp, line 790]
Event: 0.175 Thread 0x0000011e56c858f0 Exception <a 'java/lang/NoSuchMethodError'{0x00000000894f8a80}: 'java.lang.Object java.lang.invoke.DirectMethodHandle$Holder.invokeStaticInit(java.lang.Object)'> (0x00000000894f8a80) 
thrown [t:\workspace\open\src\hotspot\share\interpreter\linkResolver.cpp, line 790]
Event: 0.186 Thread 0x0000011e56c858f0 Exception <a 'java/lang/NoSuchMethodError'{0x0000000089308150}: 'void java.lang.invoke.DirectMethodHandle$Holder.invokeStatic(java.lang.Object, java.lang.Object)'> (0x0000000089308150) 
thrown [t:\workspace\open\src\hotspot\share\interpreter\linkResolver.cpp, line 790]
Event: 0.317 Thread 0x0000011e773295f0 Exception <a 'java/lang/NoSuchMethodError'{0x00000000894c7170}: 'void java.lang.invoke.DirectMethodHandle$Holder.invokeSpecial(java.lang.Object, java.lang.Object, java.lang.Object)'> (0x00000000894c7170) 
thrown [t:\workspace\open\src\hotspot\share\interpreter\linkResolver.cpp, line 790]
Event: 0.335 Thread 0x0000011e773295f0 Exception <a 'java/lang/ClassNotFoundException'{0x00000000894dd560}: sun/awt/resources/spi/awtProvider> (0x00000000894dd560) 
thrown [t:\workspace\open\src\hotspot\share\classfile\systemDictionary.cpp, line 256]
Event: 0.401 Thread 0x0000011e773295f0 Exception <a 'java/io/FileNotFoundException'{0x00000000893be2a8}> (0x00000000893be2a8) 
thrown [t:\workspace\open\src\hotspot\share\prims\jni.cpp, line 579]
Event: 0.409 Thread 0x0000011e773295f0 Exception <a 'java/io/FileNotFoundException'{0x00000000893ecbc8}> (0x00000000893ecbc8) 
thrown [t:\workspace\open\src\hotspot\share\prims\jni.cpp, line 579]
Event: 0.728 Thread 0x0000011e773295f0 Exception <a 'java/lang/NoSuchMethodError'{0x0000000089118f98}: 'java.lang.Object java.lang.invoke.DirectMethodHandle$Holder.newInvokeSpecial(java.lang.Object, java.lang.Object, java.lang.Object, java.lang.Object, java.lang.Object)'> (0x0000000089118f98) 
thrown [t:\workspace\open\src\hotspot\share\interpreter\linkResolver.cpp, line 790]
Event: 0.731 Thread 0x0000011e773295f0 Exception <a 'java/lang/NoSuchMethodError'{0x0000000089124a80}: 'java.lang.Object java.lang.invoke.DirectMethodHandle$Holder.invokeStatic(java.lang.Object, int, java.lang.Object, java.lang.Object, java.lang.Object, java.lang.Object)'> (0x0000000089124a80) 
thrown [t:\workspace\open\src\hotspot\share\interpreter\linkResolver.cpp, line 790]
Event: 0.734 Thread 0x0000011e773295f0 Exception <a 'java/lang/NoSuchMethodError'{0x000000008914ab48}: 'java.lang.Object java.lang.invoke.DirectMethodHandle$Holder.invokeStatic(java.lang.Object, int, java.lang.Object)'> (0x000000008914ab48) 
thrown [t:\workspace\open\src\hotspot\share\interpreter\linkResolver.cpp, line 790]
Event: 0.761 Thread 0x0000011e773295f0 Exception <a 'java/lang/ClassNotFoundException'{0x00000000890033c0}: com/sun/swing/internal/plaf/metal/resources/spi/metalProvider> (0x00000000890033c0) 
thrown [t:\workspace\open\src\hotspot\share\classfile\systemDictionary.cpp, line 256]
Event: 0.764 Thread 0x0000011e773295f0 Exception <a 'java/lang/ClassNotFoundException'{0x0000000089007458}: com/sun/swing/internal/plaf/basic/resources/spi/basicProvider> (0x0000000089007458) 
thrown [t:\workspace\open\src\hotspot\share\classfile\systemDictionary.cpp, line 256]
Event: 0.838 Thread 0x0000011e56c87380 Exception <a 'java/lang/NoSuchMethodError'{0x0000000089087b58}: 'java.lang.Object java.lang.invoke.DirectMethodHandle$Holder.newInvokeSpecial(java.lang.Object, java.lang.Object, java.lang.Object, int, int, int, int, int)'> (0x0000000089087b58) 
thrown [t:\workspace\open\src\hotspot\share\interpreter\linkResolver.cpp, line 790]
Event: 1.108 Thread 0x0000011e773295f0 Exception <a 'java/lang/NoSuchMethodError'{0x0000000088ef3e78}: 'void java.lang.invoke.DirectMethodHandle$Holder.invokeStaticInit(java.lang.Object)'> (0x0000000088ef3e78) 
thrown [t:\workspace\open\src\hotspot\share\interpreter\linkResolver.cpp, line 790]
Event: 1.254 Thread 0x0000011e56c87e20 Exception <a 'java/lang/NoSuchMethodError'{0x0000000089285ef8}: 'void java.lang.invoke.DirectMethodHandle$Holder.invokeVirtual(java.lang.Object, java.lang.Object)'> (0x0000000089285ef8) 
thrown [t:\workspace\open\src\hotspot\share\interpreter\linkResolver.cpp, line 790]
Event: 2.630 Thread 0x0000011e56c878d0 Implicit null exception at 0x0000011e07b1f66e to 0x0000011e07b238c0

Events (20 events):
Event: 2.726 loading class javax/swing/text/Segment
Event: 2.726 loading class java/text/CharacterIterator
Event: 2.726 loading class java/text/CharacterIterator done
Event: 2.726 loading class javax/swing/text/Segment done
Event: 2.727 loading class javax/swing/text/SegmentCache$CachedSegment done
Event: 2.727 loading class javax/swing/text/Utilities
Event: 2.728 loading class javax/swing/text/Utilities done
Event: 2.729 loading class javax/swing/event/ChangeEvent
Event: 2.730 loading class javax/swing/event/ChangeEvent done
Event: 2.730 loading class sun/java2d/d3d/D3DSurfaceDataProxy
Event: 2.730 loading class sun/java2d/d3d/D3DSurfaceDataProxy done
Event: 2.752 loading class sun/awt/dnd/SunDropTargetEvent
Event: 2.752 loading class sun/awt/dnd/SunDropTargetEvent done
Event: 2.752 loading class java/awt/DefaultKeyboardFocusManager$DefaultKeyboardFocusManagerSentEvent
Event: 2.752 loading class java/awt/SentEvent
Event: 2.753 loading class java/awt/SentEvent done
Event: 2.753 loading class java/awt/DefaultKeyboardFocusManager$DefaultKeyboardFocusManagerSentEvent done
Event: 2.753 loading class java/awt/event/FocusEvent
Event: 2.753 loading class java/awt/event/FocusEvent done
Event: 2.754 loading class java/util/ArrayList$ListItr


Dynamic libraries:
0x00007ff6a4d70000 - 0x00007ff6a4d7e000 	C:\Users\Nomaan\.jdks\openjdk-16.0.2\bin\java.exe
0x00007ffe204b0000 - 0x00007ffe206c4000 	C:\WINDOWS\SYSTEM32\ntdll.dll
0x00007ffe1fbe0000 - 0x00007ffe1fca4000 	C:\WINDOWS\System32\KERNEL32.DLL
0x00007ffe1db20000 - 0x00007ffe1dec4000 	C:\WINDOWS\System32\KERNELBASE.dll
0x00007ffe1df00000 - 0x00007ffe1e011000 	C:\WINDOWS\System32\ucrtbase.dll
0x00007ffe04c90000 - 0x00007ffe04ca8000 	C:\Users\Nomaan\.jdks\openjdk-16.0.2\bin\jli.dll
0x00007ffdfdb70000 - 0x00007ffdfdb89000 	C:\Users\Nomaan\.jdks\openjdk-16.0.2\bin\VCRUNTIME140.dll
0x00007ffe1ff10000 - 0x00007ffe200ba000 	C:\WINDOWS\System32\USER32.dll
0x00007ffe1ded0000 - 0x00007ffe1def6000 	C:\WINDOWS\System32\win32u.dll
0x00007ffe203e0000 - 0x00007ffe20409000 	C:\WINDOWS\System32\GDI32.dll
0x00007ffe1e020000 - 0x00007ffe1e139000 	C:\WINDOWS\System32\gdi32full.dll
0x00007ffe003a0000 - 0x00007ffe0062f000 	C:\WINDOWS\WinSxS\amd64_microsoft.windows.common-controls_6595b64144ccf1df_6.0.22621.1972_none_2713b59973822ffa\COMCTL32.dll
0x00007ffe1d890000 - 0x00007ffe1d92a000 	C:\WINDOWS\System32\msvcp_win.dll
0x00007ffe202b0000 - 0x00007ffe20357000 	C:\WINDOWS\System32\msvcrt.dll
0x00007ffe1f400000 - 0x00007ffe1f431000 	C:\WINDOWS\System32\IMM32.DLL
0x00007ffe14d10000 - 0x00007ffe14d1c000 	C:\Users\Nomaan\.jdks\openjdk-16.0.2\bin\vcruntime140_1.dll
0x00007ffde1970000 - 0x00007ffde1a01000 	C:\Users\Nomaan\.jdks\openjdk-16.0.2\bin\msvcp140.dll
0x00007ffddaca0000 - 0x00007ffddb84b000 	C:\Users\Nomaan\.jdks\openjdk-16.0.2\bin\server\jvm.dll
0x00007ffe1e500000 - 0x00007ffe1e5ae000 	C:\WINDOWS\System32\ADVAPI32.dll
0x00007ffe1fcc0000 - 0x00007ffe1fd64000 	C:\WINDOWS\System32\sechost.dll
0x00007ffe200c0000 - 0x00007ffe201d6000 	C:\WINDOWS\System32\RPCRT4.dll
0x00007ffe1f610000 - 0x00007ffe1f618000 	C:\WINDOWS\System32\PSAPI.DLL
0x00007ffe05ae0000 - 0x00007ffe05ae9000 	C:\WINDOWS\SYSTEM32\WSOCK32.dll
0x00007ffe18370000 - 0x00007ffe183a4000 	C:\WINDOWS\SYSTEM32\WINMM.dll
0x00007ffe17420000 - 0x00007ffe1742a000 	C:\WINDOWS\SYSTEM32\VERSION.dll
0x00007ffe1ea50000 - 0x00007ffe1eac1000 	C:\WINDOWS\System32\WS2_32.dll
0x00007ffe1c8d0000 - 0x00007ffe1c8e8000 	C:\WINDOWS\SYSTEM32\kernel.appcore.dll
0x00007ffe08a30000 - 0x00007ffe08a3a000 	C:\Users\Nomaan\.jdks\openjdk-16.0.2\bin\jimage.dll
0x00007ffe1b300000 - 0x00007ffe1b52e000 	C:\WINDOWS\SYSTEM32\DBGHELP.DLL
0x00007ffe1f620000 - 0x00007ffe1f9aa000 	C:\WINDOWS\System32\combase.dll
0x00007ffe1e420000 - 0x00007ffe1e4f7000 	C:\WINDOWS\System32\OLEAUT32.dll
0x00007ffe186b0000 - 0x00007ffe186e2000 	C:\WINDOWS\SYSTEM32\dbgcore.DLL
0x00007ffe1daa0000 - 0x00007ffe1db1a000 	C:\WINDOWS\System32\bcryptPrimitives.dll
0x00007ffe06f00000 - 0x00007ffe06f0e000 	C:\Users\Nomaan\.jdks\openjdk-16.0.2\bin\instrument.dll
0x00007ffde2770000 - 0x00007ffde2795000 	C:\Users\Nomaan\.jdks\openjdk-16.0.2\bin\java.dll
0x00007ffe1ebd0000 - 0x00007ffe1f3e8000 	C:\WINDOWS\System32\SHELL32.dll
0x00007ffe1b860000 - 0x00007ffe1c14a000 	C:\WINDOWS\SYSTEM32\windows.storage.dll
0x00007ffe1b720000 - 0x00007ffe1b85e000 	C:\WINDOWS\SYSTEM32\wintypes.dll
0x00007ffe1f9b0000 - 0x00007ffe1faa3000 	C:\WINDOWS\System32\SHCORE.dll
0x00007ffe20410000 - 0x00007ffe2046e000 	C:\WINDOWS\System32\shlwapi.dll
0x00007ffe1d7c0000 - 0x00007ffe1d7e6000 	C:\WINDOWS\SYSTEM32\profapi.dll
0x00007ffdf4700000 - 0x00007ffdf4718000 	C:\Users\Nomaan\.jdks\openjdk-16.0.2\bin\zip.dll
0x00007ffdfc850000 - 0x00007ffdfc869000 	C:\Users\Nomaan\.jdks\openjdk-16.0.2\bin\net.dll
0x00007ffe13b80000 - 0x00007ffe13cb7000 	C:\WINDOWS\SYSTEM32\WINHTTP.dll
0x00007ffe1cd50000 - 0x00007ffe1cdb9000 	C:\WINDOWS\system32\mswsock.dll
0x00007ffdf4830000 - 0x00007ffdf4843000 	C:\Users\Nomaan\.jdks\openjdk-16.0.2\bin\nio.dll
0x00007ffdf1140000 - 0x00007ffdf115a000 	C:\Program Files\JetBrains\IntelliJ IDEA Community Edition 2021.1.2\bin\breakgen64.dll
0x00007ffdddc90000 - 0x00007ffddde0f000 	C:\Users\Nomaan\.jdks\openjdk-16.0.2\bin\awt.dll
0x00007ffe1a870000 - 0x00007ffe1a907000 	C:\WINDOWS\SYSTEM32\apphelp.dll
0x00007ffe1af70000 - 0x00007ffe1af9b000 	C:\WINDOWS\system32\DWMAPI.DLL
0x00007ffe1aa50000 - 0x00007ffe1aafb000 	C:\WINDOWS\system32\uxtheme.dll
0x00007ffde2210000 - 0x00007ffde2310000 	C:\WINDOWS\system32\opengl32.dll
0x00007ffe04e20000 - 0x00007ffe04e4d000 	C:\WINDOWS\SYSTEM32\GLU32.dll
0x00007ffe1ac40000 - 0x00007ffe1ac78000 	C:\WINDOWS\SYSTEM32\dxcore.dll
0x00007ffe1fab0000 - 0x00007ffe1fbd7000 	C:\WINDOWS\System32\MSCTF.dll
0x00007ffe1fd70000 - 0x00007ffe1ff0c000 	C:\WINDOWS\System32\ole32.dll
0x00007ffe0e410000 - 0x00007ffe0e5b9000 	C:\WINDOWS\system32\d3d9.dll
0x00007ffe15700000 - 0x00007ffe15817000 	C:\WINDOWS\System32\DriverStore\FileRepository\nvlt.inf_amd64_7947c31fc944635c\nvldumdx.dll
0x00007ffe1d010000 - 0x00007ffe1d022000 	C:\WINDOWS\SYSTEM32\msasn1.dll
0x00007ffe14f50000 - 0x00007ffe14f82000 	C:\WINDOWS\SYSTEM32\cryptnet.dll
0x00007ffe1d930000 - 0x00007ffe1da97000 	C:\WINDOWS\System32\CRYPT32.dll
0x00007ffe14a00000 - 0x00007ffe14b60000 	C:\WINDOWS\SYSTEM32\drvstore.dll
0x00007ffe1d5a0000 - 0x00007ffe1d5cc000 	C:\WINDOWS\SYSTEM32\devobj.dll
0x00007ffe1d550000 - 0x00007ffe1d59e000 	C:\WINDOWS\SYSTEM32\cfgmgr32.dll
0x00007ffe1d0f0000 - 0x00007ffe1d136000 	C:\WINDOWS\SYSTEM32\wldp.dll
0x00007ffe1cfd0000 - 0x00007ffe1cfdc000 	C:\WINDOWS\SYSTEM32\cryptbase.dll
0x00007ffe1e140000 - 0x00007ffe1e1ab000 	C:\WINDOWS\System32\WINTRUST.DLL
0x00007ffe1ea30000 - 0x00007ffe1ea4f000 	C:\WINDOWS\System32\imagehlp.dll
0x00007ffe1cfb0000 - 0x00007ffe1cfcb000 	C:\WINDOWS\SYSTEM32\CRYPTSP.dll
0x00007ffe1c840000 - 0x00007ffe1c875000 	C:\WINDOWS\system32\rsaenh.dll
0x00007ffe1d1e0000 - 0x00007ffe1d208000 	C:\WINDOWS\SYSTEM32\bcrypt.dll
0x00007ffdbea70000 - 0x00007ffdc027a000 	C:\WINDOWS\System32\DriverStore\FileRepository\nvlt.inf_amd64_7947c31fc944635c\nvd3dumx.dll
0x00007ffe18240000 - 0x00007ffe1828a000 	C:\WINDOWS\SYSTEM32\directxdatabasehelper.dll
0x00007ffe1cde0000 - 0x00007ffe1ce06000 	C:\WINDOWS\SYSTEM32\gpapi.dll
0x00007ffdddc00000 - 0x00007ffdddc89000 	C:\Users\Nomaan\.jdks\openjdk-16.0.2\bin\freetype.dll
0x00007ffdddb00000 - 0x00007ffdddbf6000 	C:\Users\Nomaan\.jdks\openjdk-16.0.2\bin\harfbuzz.dll
0x00007ffdf6140000 - 0x00007ffdf6152000 	C:\Users\Nomaan\.jdks\openjdk-16.0.2\bin\fontmanager.dll
0x00007ffe1e270000 - 0x00007ffe1e320000 	C:\WINDOWS\System32\clbcatq.dll
0x00007ffe18c40000 - 0x00007ffe18df0000 	C:\WINDOWS\SYSTEM32\WindowsCodecs.dll
0x00007ffdf3ff0000 - 0x00007ffdf404e000 	C:\WINDOWS\system32\dataexchange.dll
0x00007ffe152c0000 - 0x00007ffe1552e000 	C:\WINDOWS\system32\twinapi.appcore.dll
0x00007ffe0ca70000 - 0x00007ffe0cb9d000 	C:\WINDOWS\SYSTEM32\textinputframework.dll
0x00007ffe1a020000 - 0x00007ffe1a153000 	C:\WINDOWS\SYSTEM32\CoreMessaging.dll
0x00007ffe17770000 - 0x00007ffe17adc000 	C:\WINDOWS\SYSTEM32\CoreUIComponents.dll

dbghelp: loaded successfully - version: 4.0.5 - missing functions: none
symbol engine: initialized successfully - sym options: 0x614 - pdb path: .;C:\Users\Nomaan\.jdks\openjdk-16.0.2\bin;C:\WINDOWS\SYSTEM32;C:\WINDOWS\WinSxS\amd64_microsoft.windows.common-controls_6595b64144ccf1df_6.0.22621.1972_none_2713b59973822ffa;C:\Users\Nomaan\.jdks\openjdk-16.0.2\bin\server;C:\Program Files\JetBrains\IntelliJ IDEA Community Edition 2021.1.2\bin;C:\WINDOWS\System32\DriverStore\FileRepository\nvlt.inf_amd64_7947c31fc944635c

VM Arguments:
jvm_args: -javaagent:C:\Program Files\JetBrains\IntelliJ IDEA Community Edition 2021.1.2\lib\idea_rt.jar=51323:C:\Program Files\JetBrains\IntelliJ IDEA Community Edition 2021.1.2\bin -Dfile.encoding=UTF-8 
java_command: Main
java_class_path (initial): D:\GitHub clones\Java-Applications\Calculator\out\production\Calculator
Launcher Type: SUN_STANDARD

[Global flags]
     intx CICompilerCount                          = 4                                         {product} {ergonomic}
     uint ConcGCThreads                            = 2                                         {product} {ergonomic}
     uint G1ConcRefinementThreads                  = 8                                         {product} {ergonomic}
   size_t G1HeapRegionSize                         = 1048576                                   {product} {ergonomic}
    uintx GCDrainStackTargetSize                   = 64                                        {product} {ergonomic}
   size_t InitialHeapSize                          = 134217728                                 {product} {ergonomic}
   size_t MarkStackSize                            = 4194304                                   {product} {ergonomic}
   size_t MaxHeapSize                              = 2124414976                                {product} {ergonomic}
   size_t MaxNewSize                               = 1274019840                                {product} {ergonomic}
   size_t MinHeapDeltaBytes                        = 1048576                                   {product} {ergonomic}
   size_t MinHeapSize                              = 8388608                                   {product} {ergonomic}
    uintx NonNMethodCodeHeapSize                   = 5839372                                {pd product} {ergonomic}
    uintx NonProfiledCodeHeapSize                  = 122909434                              {pd product} {ergonomic}
    uintx ProfiledCodeHeapSize                     = 122909434                              {pd product} {ergonomic}
    uintx ReservedCodeCacheSize                    = 251658240                              {pd product} {ergonomic}
     bool SegmentedCodeCache                       = true                                      {product} {ergonomic}
   size_t SoftMaxHeapSize                          = 2124414976                             {manageable} {ergonomic}
     bool UseCompressedClassPointers               = true                           {product lp64_product} {ergonomic}
     bool UseCompressedOops                        = true                           {product lp64_product} {ergonomic}
     bool UseG1GC                                  = true                                      {product} {ergonomic}
     bool UseLargePagesIndividualAllocation        = false                                  {pd product} {ergonomic}

Logging:
Log output configuration:
 #0: stdout all=warning uptime,level,tags
 #1: stderr all=off uptime,level,tags

Environment Variables:
PATH=C:\Python311\Scripts\;C:\Python311\;C:\ProgramData\Oracle\Java\javapath;C:\Program Files (x86)\NVIDIA Corporation\PhysX\Common;C:\Program Files\Common Files\Oracle\Java\javapath;C:\Program Files (x86)\Common Files\Oracle\Java\javapath;C:\Windows\system32;C:\Windows;C:\Windows\System32\Wbem;C:\Windows\System32\WindowsPowerShell\v1.0\;C:\Windows\System32\OpenSSH\;C:\WINDOWS\system32;C:\WINDOWS;C:\WINDOWS\System32\Wbem;C:\WINDOWS\System32\WindowsPowerShell\v1.0\;C:\WINDOWS\System32\OpenSSH\;C:\Program Files\Lua;C:\Program Files\LOVE;C:\MinGW\bin;C:\Program Files\dotnet\;\home\nomaan\.local\bin;C:\Users\Nomaan\AppData\Local\Programs\Python\Python39\Scripts\;C:\Users\Nomaan\AppData\Local\Programs\Python\Python39\;C:\WINDOWS\system32;C:\WINDOWS;C:\WINDOWS\System32\Wbem;C:\WINDOWS\System32\WindowsPowerShell\v1.0\;C:\WINDOWS\System32\OpenSSH\;C:\gradle\bin;C:\Program Files\nodejs\;C:\ProgramData\chocolatey\bin;C:\Program Files\Git\cmd;C:\Users\Nomaan\AppData\Local\Programs\Python\Python39\Scripts\;C:\Users\Nomaan\AppData\Local\Programs\Python\Python39\;C:\Users\Nomaan\AppData\Local\Microsoft\WindowsApps;C:\Program Files\JetBrains\IntelliJ IDEA Community Edition 2021.1.2\bin;;C:\Users\Nomaan\AppData\Local\Programs\Microsoft VS Code\bin;C:\MinGW\bin;C:\Users\Nomaan\.dotnet\tools;C:\Program Files\JetBrains\PyCharm Community Edition 2021.2.2\bin;;C:\ffmpeg\bin;\home\nomaan\.local\bin;C:\Users\Nomaan\AppData\Roaming\npm;C:\Users\Nomaan\AppData\Local\Programs\MiKTeX\miktex\bin\x64\;C:\Users\Nomaan\AppData\Local\GitHubDesktop\bin
USERNAME=Nomaan
OS=Windows_NT
PROCESSOR_IDENTIFIER=Intel64 Family 6 Model 165 Stepping 2, GenuineIntel



---------------  S Y S T E M  ---------------

OS:
 Windows 10 , 64 bit Build 22621 (10.0.22621.2048)
OS uptime: 0 days 1:36 hours

CPU: total 8 (initial active 8) (4 cores per cpu, 2 threads per core) family 6 model 165 stepping 2 microcode 0xea, cx8, cmov, fxsr, ht, mmx, 3dnowpref, sse, sse2, sse3, ssse3, sse4.1, sse4.2, popcnt, lzcnt, tsc, tscinvbit, avx, avx2, aes, erms, clmul, bmi1, bmi2, adx, fma, vzeroupper, clflush, clflushopt

Memory: 4k page, system-wide physical 8099M (935M free)
TotalPageFile size 11996M (AvailPageFile size 4M)
current process WorkingSet (physical memory assigned to process): 114M, peak: 114M
current process commit charge ("private bytes"): 260M, peak: 261M

vm_info: OpenJDK 64-Bit Server VM (16.0.2+7-67) for windows-amd64 JRE (16.0.2+7-67), built on Jun  8 2021 23:21:43 by "mach5one" with MS VC++ 16.7 (VS2019)

END.
