#
# There is insufficient memory for the Java Runtime Environment to continue.
# Native memory allocation (mmap) failed to map 134217728 bytes for G1 virtual space
# Possible reasons:
#   The system is out of physical RAM or swap space
#   The process is running with CompressedOops enabled, and the Java Heap may be blocking the growth of the native heap
# Possible solutions:
#   Reduce memory load on the system
#   Increase physical memory or swap space
#   Check if swap backing store is full
#   Decrease Java heap size (-Xmx/-Xms)
#   Decrease number of Java threads
#   Decrease Java thread stack sizes (-Xss)
#   Set larger code cache with -XX:ReservedCodeCacheSize=
#   JVM is running with Unscaled Compressed Oops mode in which the Java heap is
#     placed in the first 4GB address space. The Java Heap base address is the
#     maximum limit for the native heap growth. Please use -XX:HeapBaseMinAddress
#     to set the Java Heap base and to place the Java Heap above 4GB virtual address.
# This output file may be truncated or incomplete.
#
#  Out of Memory Error (os_windows.cpp:3466), pid=15072, tid=368
#
# JRE version:  (16.0.2+7) (build )
# Java VM: OpenJDK 64-Bit Server VM (16.0.2+7-67, mixed mode, sharing, tiered, compressed oops, compressed class ptrs, g1 gc, windows-amd64)
# No core dump will be written. Minidumps are not enabled by default on client versions of Windows
#

---------------  S U M M A R Y ------------

Command Line: -javaagent:C:\Program Files\JetBrains\IntelliJ IDEA Community Edition 2021.1.2\lib\idea_rt.jar=51275:C:\Program Files\JetBrains\IntelliJ IDEA Community Edition 2021.1.2\bin -Dfile.encoding=UTF-8 Main

Host: Intel(R) Core(TM) i5-10300H CPU @ 2.50GHz, 8 cores, 7G,  Windows 10 , 64 bit Build 22621 (10.0.22621.2048)
Time: Tue Jul 25 17:03:29 2023 India Standard Time elapsed time: 0.024577 seconds (0d 0h 0m 0s)

---------------  T H R E A D  ---------------

Current thread (0x000001b5babd9480):  JavaThread "Unknown thread" [_thread_in_vm, id=368, stack(0x000000a7e1700000,0x000000a7e1800000)]

Stack: [0x000000a7e1700000,0x000000a7e1800000]
Native frames: (J=compiled Java code, j=interpreted, Vv=VM code, C=native code)
V  [jvm.dll+0x6681ca]
V  [jvm.dll+0x7c9e69]
V  [jvm.dll+0x7cb61e]
V  [jvm.dll+0x7cbc73]
V  [jvm.dll+0x242c55]
V  [jvm.dll+0x664f89]
V  [jvm.dll+0x659b75]
V  [jvm.dll+0x2fbfbb]
V  [jvm.dll+0x3031b6]
V  [jvm.dll+0x35299e]
V  [jvm.dll+0x352bcf]
V  [jvm.dll+0x2d3028]
V  [jvm.dll+0x2d4264]
V  [jvm.dll+0x79c741]
V  [jvm.dll+0x360791]
V  [jvm.dll+0x77a3f0]
V  [jvm.dll+0x3e4e8f]
V  [jvm.dll+0x3e6961]
C  [jli.dll+0x52fb]
C  [ucrtbase.dll+0x29363]
C  [KERNEL32.DLL+0x126ad]
C  [ntdll.dll+0x5aa68]


---------------  P R O C E S S  ---------------

Threads class SMR info:
_java_thread_list=0x00007ffddb7acbb8, length=0, elements={
}

Java Threads: ( => current thread )

Other Threads:
  0x000001b5bac17a50 GCTaskThread "GC Thread#0" [stack: 0x000000a7e1800000,0x000000a7e1900000] [id=6100]
  0x000001b5bac29940 ConcurrentGCThread "G1 Main Marker" [stack: 0x000000a7e1900000,0x000000a7e1a00000] [id=15660]
  0x000001b5bac2c0c0 ConcurrentGCThread "G1 Conc#0" [stack: 0x000000a7e1a00000,0x000000a7e1b00000] [id=1596]

[error occurred during error reporting (printing all threads), id 0xc0000005, EXCEPTION_ACCESS_VIOLATION (0xc0000005) at pc=0x00007ffddaf83ee7]

VM state: not at safepoint (not fully initialized)

VM Mutex/Monitor currently owned by a thread:  ([mutex/lock_event])
[0x000001b5babd6b20] Heap_lock - owner thread: 0x000001b5babd9480

Heap address: 0x0000000081600000, size: 2026 MB, Compressed Oops mode: 32-bit

CDS archive(s) mapped at: [0x0000000000000000-0x0000000000000000-0x0000000000000000), size 0, SharedBaseAddress: 0x0000000800000000, ArchiveRelocationMode: 0.
Narrow klass base: 0x0000000000000000, Narrow klass shift: 0, Narrow klass range: 0x0

GC Precious Log:
<Empty>

Heap:
 garbage-first heap   total 0K, used 0K [0x0000000081600000, 0x0000000100000000)
  region size 1024K, 0 young (0K), 0 survivors (0K)

[error occurred during error reporting (printing heap information), id 0xc0000005, EXCEPTION_ACCESS_VIOLATION (0xc0000005) at pc=0x00007ffddb361eed]

GC Heap History (0 events):
No events

Deoptimization events (0 events):
No events

Classes unloaded (0 events):
No events

Classes redefined (0 events):
No events

Internal exceptions (0 events):
No events

Events (1 events):
Event: 0.014 Loaded shared library C:\Users\Nomaan\.jdks\openjdk-16.0.2\bin\java.dll


Dynamic libraries:
0x00007ff6f7450000 - 0x00007ff6f745e000 	C:\Users\Nomaan\.jdks\openjdk-16.0.2\bin\java.exe
0x00007ffe204b0000 - 0x00007ffe206c4000 	C:\WINDOWS\SYSTEM32\ntdll.dll
0x00007ffe1fbe0000 - 0x00007ffe1fca4000 	C:\WINDOWS\System32\KERNEL32.DLL
0x00007ffe1db20000 - 0x00007ffe1dec4000 	C:\WINDOWS\System32\KERNELBASE.dll
0x00007ffe1df00000 - 0x00007ffe1e011000 	C:\WINDOWS\System32\ucrtbase.dll
0x00007ffe04da0000 - 0x00007ffe04db9000 	C:\Users\Nomaan\.jdks\openjdk-16.0.2\bin\VCRUNTIME140.dll
0x00007ffe04c90000 - 0x00007ffe04ca8000 	C:\Users\Nomaan\.jdks\openjdk-16.0.2\bin\jli.dll
0x00007ffe1ff10000 - 0x00007ffe200ba000 	C:\WINDOWS\System32\USER32.dll
0x00007ffe1ded0000 - 0x00007ffe1def6000 	C:\WINDOWS\System32\win32u.dll
0x00007ffe203e0000 - 0x00007ffe20409000 	C:\WINDOWS\System32\GDI32.dll
0x00007ffe1e020000 - 0x00007ffe1e139000 	C:\WINDOWS\System32\gdi32full.dll
0x00007ffe1d890000 - 0x00007ffe1d92a000 	C:\WINDOWS\System32\msvcp_win.dll
0x00007ffe003a0000 - 0x00007ffe0062f000 	C:\WINDOWS\WinSxS\amd64_microsoft.windows.common-controls_6595b64144ccf1df_6.0.22621.1972_none_2713b59973822ffa\COMCTL32.dll
0x00007ffe202b0000 - 0x00007ffe20357000 	C:\WINDOWS\System32\msvcrt.dll
0x00007ffe1f400000 - 0x00007ffe1f431000 	C:\WINDOWS\System32\IMM32.DLL
0x00007ffe14e70000 - 0x00007ffe14e7c000 	C:\Users\Nomaan\.jdks\openjdk-16.0.2\bin\vcruntime140_1.dll
0x00007ffdeb980000 - 0x00007ffdeba11000 	C:\Users\Nomaan\.jdks\openjdk-16.0.2\bin\msvcp140.dll
0x00007ffddaca0000 - 0x00007ffddb84b000 	C:\Users\Nomaan\.jdks\openjdk-16.0.2\bin\server\jvm.dll
0x00007ffe1e500000 - 0x00007ffe1e5ae000 	C:\WINDOWS\System32\ADVAPI32.dll
0x00007ffe1fcc0000 - 0x00007ffe1fd64000 	C:\WINDOWS\System32\sechost.dll
0x00007ffe200c0000 - 0x00007ffe201d6000 	C:\WINDOWS\System32\RPCRT4.dll
0x00007ffe1f610000 - 0x00007ffe1f618000 	C:\WINDOWS\System32\PSAPI.DLL
0x00007ffe05ae0000 - 0x00007ffe05ae9000 	C:\WINDOWS\SYSTEM32\WSOCK32.dll
0x00007ffe1ea50000 - 0x00007ffe1eac1000 	C:\WINDOWS\System32\WS2_32.dll
0x00007ffe18370000 - 0x00007ffe183a4000 	C:\WINDOWS\SYSTEM32\WINMM.dll
0x00007ffe17420000 - 0x00007ffe1742a000 	C:\WINDOWS\SYSTEM32\VERSION.dll
0x00007ffe1c8d0000 - 0x00007ffe1c8e8000 	C:\WINDOWS\SYSTEM32\kernel.appcore.dll
0x00007ffe14d10000 - 0x00007ffe14d1a000 	C:\Users\Nomaan\.jdks\openjdk-16.0.2\bin\jimage.dll
0x00007ffe1b300000 - 0x00007ffe1b52e000 	C:\WINDOWS\SYSTEM32\DBGHELP.DLL
0x00007ffe1f620000 - 0x00007ffe1f9aa000 	C:\WINDOWS\System32\combase.dll
0x00007ffe1e420000 - 0x00007ffe1e4f7000 	C:\WINDOWS\System32\OLEAUT32.dll
0x00007ffe186b0000 - 0x00007ffe186e2000 	C:\WINDOWS\SYSTEM32\dbgcore.DLL
0x00007ffe1daa0000 - 0x00007ffe1db1a000 	C:\WINDOWS\System32\bcryptPrimitives.dll
0x00007ffe08a30000 - 0x00007ffe08a3e000 	C:\Users\Nomaan\.jdks\openjdk-16.0.2\bin\instrument.dll
0x00007ffde2770000 - 0x00007ffde2795000 	C:\Users\Nomaan\.jdks\openjdk-16.0.2\bin\java.dll

dbghelp: loaded successfully - version: 4.0.5 - missing functions: none
symbol engine: initialized successfully - sym options: 0x614 - pdb path: .;C:\Users\Nomaan\.jdks\openjdk-16.0.2\bin;C:\WINDOWS\SYSTEM32;C:\WINDOWS\WinSxS\amd64_microsoft.windows.common-controls_6595b64144ccf1df_6.0.22621.1972_none_2713b59973822ffa;C:\Users\Nomaan\.jdks\openjdk-16.0.2\bin\server

VM Arguments:
jvm_args: -javaagent:C:\Program Files\JetBrains\IntelliJ IDEA Community Edition 2021.1.2\lib\idea_rt.jar=51275:C:\Program Files\JetBrains\IntelliJ IDEA Community Edition 2021.1.2\bin -Dfile.encoding=UTF-8 
java_command: Main
java_class_path (initial): D:\GitHub clones\Java-Applications\Calculator\out\production\Calculator
Launcher Type: SUN_STANDARD

[Global flags]
     intx CICompilerCount                          = 4                                         {product} {ergonomic}
     uint ConcGCThreads                            = 2                                         {product} {ergonomic}
     uint G1ConcRefinementThreads                  = 8                                         {product} {ergonomic}
   size_t G1HeapRegionSize                         = 1048576                                   {product} {ergonomic}
    uintx GCDrainStackTargetSize                   = 64                                        {product} {ergonomic}
   size_t InitialHeapSize                          = 134217728                                 {product} {ergonomic}
   size_t MarkStackSize                            = 4194304                                   {product} {ergonomic}
   size_t MaxHeapSize                              = 2124414976                                {product} {ergonomic}
   size_t MinHeapDeltaBytes                        = 1048576                                   {product} {ergonomic}
   size_t MinHeapSize                              = 8388608                                   {product} {ergonomic}
    uintx NonNMethodCodeHeapSize                   = 5839372                                {pd product} {ergonomic}
    uintx NonProfiledCodeHeapSize                  = 122909434                              {pd product} {ergonomic}
    uintx ProfiledCodeHeapSize                     = 122909434                              {pd product} {ergonomic}
    uintx ReservedCodeCacheSize                    = 251658240                              {pd product} {ergonomic}
     bool SegmentedCodeCache                       = true                                      {product} {ergonomic}
   size_t SoftMaxHeapSize                          = 2124414976                             {manageable} {ergonomic}
     bool UseCompressedClassPointers               = true                           {product lp64_product} {ergonomic}
     bool UseCompressedOops                        = true                           {product lp64_product} {ergonomic}
     bool UseG1GC                                  = true                                      {product} {ergonomic}
     bool UseLargePagesIndividualAllocation        = false                                  {pd product} {ergonomic}

Logging:
Log output configuration:
 #0: stdout all=warning uptime,level,tags
 #1: stderr all=off uptime,level,tags

Environment Variables:
PATH=C:\Python311\Scripts\;C:\Python311\;C:\ProgramData\Oracle\Java\javapath;C:\Program Files (x86)\NVIDIA Corporation\PhysX\Common;C:\Program Files\Common Files\Oracle\Java\javapath;C:\Program Files (x86)\Common Files\Oracle\Java\javapath;C:\Windows\system32;C:\Windows;C:\Windows\System32\Wbem;C:\Windows\System32\WindowsPowerShell\v1.0\;C:\Windows\System32\OpenSSH\;C:\WINDOWS\system32;C:\WINDOWS;C:\WINDOWS\System32\Wbem;C:\WINDOWS\System32\WindowsPowerShell\v1.0\;C:\WINDOWS\System32\OpenSSH\;C:\Program Files\Lua;C:\Program Files\LOVE;C:\MinGW\bin;C:\Program Files\dotnet\;\home\nomaan\.local\bin;C:\Users\Nomaan\AppData\Local\Programs\Python\Python39\Scripts\;C:\Users\Nomaan\AppData\Local\Programs\Python\Python39\;C:\WINDOWS\system32;C:\WINDOWS;C:\WINDOWS\System32\Wbem;C:\WINDOWS\System32\WindowsPowerShell\v1.0\;C:\WINDOWS\System32\OpenSSH\;C:\gradle\bin;C:\Program Files\nodejs\;C:\ProgramData\chocolatey\bin;C:\Program Files\Git\cmd;C:\Users\Nomaan\AppData\Local\Programs\Python\Python39\Scripts\;C:\Users\Nomaan\AppData\Local\Programs\Python\Python39\;C:\Users\Nomaan\AppData\Local\Microsoft\WindowsApps;C:\Program Files\JetBrains\IntelliJ IDEA Community Edition 2021.1.2\bin;;C:\Users\Nomaan\AppData\Local\Programs\Microsoft VS Code\bin;C:\MinGW\bin;C:\Users\Nomaan\.dotnet\tools;C:\Program Files\JetBrains\PyCharm Community Edition 2021.2.2\bin;;C:\ffmpeg\bin;\home\nomaan\.local\bin;C:\Users\Nomaan\AppData\Roaming\npm;C:\Users\Nomaan\AppData\Local\Programs\MiKTeX\miktex\bin\x64\;C:\Users\Nomaan\AppData\Local\GitHubDesktop\bin
USERNAME=Nomaan
OS=Windows_NT
PROCESSOR_IDENTIFIER=Intel64 Family 6 Model 165 Stepping 2, GenuineIntel



---------------  S Y S T E M  ---------------

OS:
 Windows 10 , 64 bit Build 22621 (10.0.22621.2048)
OS uptime: 0 days 1:34 hours

CPU: total 8 (initial active 8) (4 cores per cpu, 2 threads per core) family 6 model 165 stepping 2 microcode 0xea, cx8, cmov, fxsr, ht, mmx, 3dnowpref, sse, sse2, sse3, ssse3, sse4.1, sse4.2, popcnt, lzcnt, tsc, tscinvbit, avx, avx2, aes, erms, clmul, bmi1, bmi2, adx, fma, vzeroupper, clflush, clflushopt

Memory: 4k page, system-wide physical 8099M (763M free)
TotalPageFile size 11996M (AvailPageFile size 109M)
current process WorkingSet (physical memory assigned to process): 12M, peak: 12M
current process commit charge ("private bytes"): 60M, peak: 188M

vm_info: OpenJDK 64-Bit Server VM (16.0.2+7-67) for windows-amd64 JRE (16.0.2+7-67), built on Jun  8 2021 23:21:43 by "mach5one" with MS VC++ 16.7 (VS2019)

END.
